<?xml version="1.0" encoding="UTF-8"?>
<!-- Generated by org.testng.reporters.JUnitXMLReporter -->
<testsuite ignored="0" hostname="D_evil" failures="0" tests="1" name="Test" time="0.068" errors="0" timestamp="2024-12-03T10:40:42 IST">
  <testcase classname="BaseClass.Base" name="@BeforeClass preCondition" time="0.001">
    <failure type="java.io.FileNotFoundException" message=".\src\test\resources\VTiger.properties (The system cannot find the file specified)">
      <![CDATA[java.io.FileNotFoundException: .\src\test\resources\VTiger.properties (The system cannot find the file specified)
at java.base/java.io.FileInputStream.open0(Native Method)
at java.base/java.io.FileInputStream.open(FileInputStream.java:216)
at java.base/java.io.FileInputStream.<init>(FileInputStream.java:157)
at java.base/java.io.FileInputStream.<init>(FileInputStream.java:111)
at BaseClass.Base.preCondition(Base.java:47)
at java.base/java.util.ArrayList.forEach(ArrayList.java:1511)
... Removed 25 stack frames]]>
    </failure>
  </testcase> <!-- @BeforeClass preCondition -->
  <testcase classname="LoginLogout.TestLoginLogout" name="@BeforeClass setup" time="0.0">
    <skipped/>
  </testcase> <!-- @BeforeClass setup -->
  <testcase classname="BaseClass.Base" name="@BeforeMethod login" time="0.0">
    <skipped/>
  </testcase> <!-- @BeforeMethod login -->
  <testcase classname="BaseClass.Base" name="@AfterMethod logout" time="0.0">
    <skipped/>
  </testcase> <!-- @AfterMethod logout -->
  <testcase classname="LoginLogout.TestLoginLogout" name="@AfterClass teardown" time="0.0">
    <skipped/>
  </testcase> <!-- @AfterClass teardown -->
  <testcase classname="BaseClass.Base" name="@AfterClass postCondition" time="0.0">
    <skipped/>
  </testcase> <!-- @AfterClass postCondition -->
  <testcase classname="BaseClass.Base" name="@AfterTest afterTest" time="0.0">
    <skipped/>
  </testcase> <!-- @AfterTest afterTest -->
  <testcase classname="LoginLogout.TestLoginLogout" name="testLoginAndLogout" time="0.002">
    <skipped/>
  </testcase> <!-- testLoginAndLogout -->
</testsuite> <!-- Test -->
