<?xml version="1.0" encoding="UTF-8"?>
<testng-results ignored="0" total="1" passed="1" failed="0" skipped="0">
  <reporter-output>
  </reporter-output>
  <suite started-at="2024-12-03T11:25:50 IST" name="Default suite" finished-at="2024-12-03T11:25:59 IST" duration-ms="8771">
    <groups>
    </groups>
    <test started-at="2024-12-03T11:25:50 IST" name="Default test" finished-at="2024-12-03T11:25:59 IST" duration-ms="8771">
      <class name="VTigerTestCases.TC_01">
        <test-method is-config="true" signature="beforeSuite()[pri:0, instance:VTigerTestCases.TC_01@5149d738]" started-at="2024-12-03T11:25:50 IST" name="beforeSuite" finished-at="2024-12-03T11:25:50 IST" duration-ms="17" status="PASS">
          <reporter-output>
          </reporter-output>
        </test-method> <!-- beforeSuite -->
        <test-method is-config="true" signature="beforeTest()[pri:0, instance:VTigerTestCases.TC_01@5149d738]" started-at="2024-12-03T11:25:50 IST" name="beforeTest" finished-at="2024-12-03T11:25:50 IST" duration-ms="1" status="PASS">
          <reporter-output>
          </reporter-output>
        </test-method> <!-- beforeTest -->
        <test-method is-config="true" signature="preCondition()[pri:0, instance:VTigerTestCases.TC_01@5149d738]" started-at="2024-12-03T11:25:50 IST" name="preCondition" finished-at="2024-12-03T11:25:53 IST" duration-ms="2397" status="PASS">
          <reporter-output>
          </reporter-output>
        </test-method> <!-- preCondition -->
        <test-method is-config="true" signature="login()[pri:0, instance:VTigerTestCases.TC_01@5149d738]" started-at="2024-12-03T11:25:53 IST" name="login" finished-at="2024-12-03T11:25:54 IST" duration-ms="1910" status="PASS">
          <reporter-output>
          </reporter-output>
        </test-method> <!-- login -->
        <test-method signature="main()[pri:0, instance:VTigerTestCases.TC_01@5149d738]" started-at="2024-12-03T11:25:54 IST" name="main" finished-at="2024-12-03T11:25:59 IST" duration-ms="4422" status="PASS">
          <reporter-output>
          </reporter-output>
        </test-method> <!-- main -->
        <test-method is-config="true" signature="logout()[pri:0, instance:VTigerTestCases.TC_01@5149d738]" started-at="2024-12-03T11:25:59 IST" name="logout" finished-at="2024-12-03T11:25:59 IST" duration-ms="1" status="PASS">
          <reporter-output>
          </reporter-output>
        </test-method> <!-- logout -->
        <test-method is-config="true" signature="postCondition()[pri:0, instance:VTigerTestCases.TC_01@5149d738]" started-at="2024-12-03T11:25:59 IST" name="postCondition" finished-at="2024-12-03T11:25:59 IST" duration-ms="0" status="PASS">
          <reporter-output>
          </reporter-output>
        </test-method> <!-- postCondition -->
        <test-method is-config="true" signature="afterTest()[pri:0, instance:VTigerTestCases.TC_01@5149d738]" started-at="2024-12-03T11:25:59 IST" name="afterTest" finished-at="2024-12-03T11:25:59 IST" duration-ms="0" status="PASS">
          <reporter-output>
          </reporter-output>
        </test-method> <!-- afterTest -->
        <test-method is-config="true" signature="afterSuite()[pri:0, instance:VTigerTestCases.TC_01@5149d738]" started-at="2024-12-03T11:25:59 IST" name="afterSuite" finished-at="2024-12-03T11:25:59 IST" duration-ms="0" status="PASS">
          <reporter-output>
          </reporter-output>
        </test-method> <!-- afterSuite -->
      </class> <!-- VTigerTestCases.TC_01 -->
    </test> <!-- Default test -->
  </suite> <!-- Default suite -->
</testng-results>
